<?xml version="1.0" encoding="utf-8"?><testsuites name="pytest tests"><testsuite name="pytest" errors="0" failures="0" skipped="0" tests="7" time="64.959" timestamp="2026-07-27T20:33:30.513213+05:30" hostname="IN-5CG2203930"><testcase classname="tests.generated.test_ai_access_account_options" name="test_access_account_options" time="10.092" /><testcase classname="tests.generated.test_ai_add_product_to_cart" name="test_add_product_to_cart" time="9.438" /><testcase classname="tests.generated.test_ai_browse_daily_deals" name="test_browse_daily_deals" time="8.788" /><testcase classname="tests.generated.test_ai_navigate_through_top_categories" name="test_navigate_through_top_categories" time="9.015" /><testcase classname="tests.generated.test_ai_product_search" name="test_product_search" time="9.473" /><testcase classname="tests.generated.test_ai_user_sign_in" name="test_user_sign_in" time="8.014" /><testcase classname="tests.generated.test_ai_view_cart_and_proceed_to_checkout" name="test_view_cart_and_proceed_to_checkout" time="9.940" /></testsuite></testsuites>